{"O:\\Github\\web-programming-course\\lessons\\lr5\\quiz-backend\\src\\index.ts": {"path":"O:\\Github\\web-programming-course\\lessons\\lr5\\quiz-backend\\src\\index.ts","statementMap":{"0":{"start":{"line":14,"column":19},"end":{"line":14,"column":29}},"1":{"start":{"line":16,"column":0},"end":{"line":16,"column":null}},"2":{"start":{"line":19,"column":0},"end":{"line":31,"column":null}},"3":{"start":{"line":20,"column":2},"end":{"line":29,"column":null}},"4":{"start":{"line":22,"column":10},"end":{"line":22,"column":66}},"5":{"start":{"line":23,"column":10},"end":{"line":23,"column":51}},"6":{"start":{"line":26,"column":4},"end":{"line":26,"column":null}},"7":{"start":{"line":28,"column":4},"end":{"line":28,"column":null}},"8":{"start":{"line":29,"column":4},"end":{"line":29,"column":null}},"9":{"start":{"line":33,"column":0},"end":{"line":48,"column":null}},"10":{"start":{"line":35,"column":2},"end":{"line":36,"column":null}},"11":{"start":{"line":36,"column":4},"end":{"line":36,"column":null}},"12":{"start":{"line":40,"column":2},"end":{"line":40,"column":null}},"13":{"start":{"line":43,"column":2},"end":{"line":47,"column":null}},"14":{"start":{"line":50,"column":0},"end":{"line":50,"column":null}},"15":{"start":{"line":51,"column":0},"end":{"line":51,"column":null}},"16":{"start":{"line":53,"column":0},"end":{"line":55,"column":null}},"17":{"start":{"line":54,"column":2},"end":{"line":54,"column":null}},"18":{"start":{"line":57,"column":0},"end":{"line":59,"column":null}},"19":{"start":{"line":58,"column":2},"end":{"line":58,"column":null}},"20":{"start":{"line":61,"column":0},"end":{"line":61,"column":null}},"21":{"start":{"line":62,"column":0},"end":{"line":62,"column":null}},"22":{"start":{"line":63,"column":0},"end":{"line":63,"column":null}},"23":{"start":{"line":64,"column":0},"end":{"line":64,"column":null}},"24":{"start":{"line":66,"column":0},"end":{"line":70,"column":null}},"25":{"start":{"line":67,"column":2},"end":{"line":70,"column":null}}},"fnMap":{"0":{"name":"(anonymous_0)","decl":{"start":{"line":19,"column":8},"end":{"line":19,"column":17}},"loc":{"start":{"line":19,"column":23},"end":{"line":31,"column":null}},"line":19},"1":{"name":"(anonymous_1)","decl":{"start":{"line":33,"column":4},"end":{"line":33,"column":13}},"loc":{"start":{"line":33,"column":24},"end":{"line":48,"column":null}},"line":33},"2":{"name":"(anonymous_2)","decl":{"start":{"line":53,"column":8},"end":{"line":53,"column":14}},"loc":{"start":{"line":53,"column":20},"end":{"line":55,"column":null}},"line":53},"3":{"name":"(anonymous_3)","decl":{"start":{"line":57,"column":19},"end":{"line":57,"column":26}},"loc":{"start":{"line":57,"column":32},"end":{"line":59,"column":null}},"line":57}},"branchMap":{"0":{"loc":{"start":{"line":35,"column":2},"end":{"line":36,"column":null}},"type":"if","locations":[{"start":{"line":35,"column":2},"end":{"line":36,"column":null}},{"start":{},"end":{}}],"line":35},"1":{"loc":{"start":{"line":46,"column":13},"end":{"line":46,"column":null}},"type":"binary-expr","locations":[{"start":{"line":46,"column":13},"end":{"line":46,"column":28}},{"start":{"line":46,"column":28},"end":{"line":46,"column":null}}],"line":46},"2":{"loc":{"start":{"line":66,"column":0},"end":{"line":70,"column":null}},"type":"if","locations":[{"start":{"line":66,"column":0},"end":{"line":70,"column":null}},{"start":{},"end":{}}],"line":66}},"s":{"0":2,"1":2,"2":2,"3":0,"4":0,"5":0,"6":0,"7":0,"8":0,"9":2,"10":6,"11":4,"12":2,"13":2,"14":2,"15":2,"16":2,"17":0,"18":2,"19":0,"20":2,"21":2,"22":2,"23":2,"24":2,"25":0},"f":{"0":0,"1":6,"2":0,"3":0},"b":{"0":[4,2],"1":[2,0],"2":[0,2]},"meta":{"lastBranch":3,"lastFunction":4,"lastStatement":26,"seen":{"s:14:19:14:29":0,"s:16:0:16:Infinity":1,"s:19:0:31:Infinity":2,"f:19:8:19:17":0,"s:20:2:29:Infinity":3,"s:22:10:22:66":4,"s:23:10:23:51":5,"s:26:4:26:Infinity":6,"s:28:4:28:Infinity":7,"s:29:4:29:Infinity":8,"s:33:0:48:Infinity":9,"f:33:4:33:13":1,"b:35:2:36:Infinity:undefined:undefined:undefined:undefined":0,"s:35:2:36:Infinity":10,"s:36:4:36:Infinity":11,"s:40:2:40:Infinity":12,"s:43:2:47:Infinity":13,"b:46:13:46:28:46:28:46:Infinity":1,"s:50:0:50:Infinity":14,"s:51:0:51:Infinity":15,"s:53:0:55:Infinity":16,"f:53:8:53:14":2,"s:54:2:54:Infinity":17,"s:57:0:59:Infinity":18,"f:57:19:57:26":3,"s:58:2:58:Infinity":19,"s:61:0:61:Infinity":20,"s:62:0:62:Infinity":21,"s:63:0:63:Infinity":22,"s:64:0:64:Infinity":23,"b:66:0:70:Infinity:undefined:undefined:undefined:undefined":2,"s:66:0:70:Infinity":24,"s:67:2:70:Infinity":25}}}
,"O:\\Github\\web-programming-course\\lessons\\lr5\\quiz-backend\\src\\lib\\prisma.ts": {"path":"O:\\Github\\web-programming-course\\lessons\\lr5\\quiz-backend\\src\\lib\\prisma.ts","statementMap":{"0":{"start":{"line":4,"column":15},"end":{"line":4,"column":33}}},"fnMap":{},"branchMap":{},"s":{"0":2},"f":{},"b":{},"meta":{"lastBranch":0,"lastFunction":0,"lastStatement":1,"seen":{"s:4:15:4:33":0}}}
,"O:\\Github\\web-programming-course\\lessons\\lr5\\quiz-backend\\src\\middleware\\admin.ts": {"path":"O:\\Github\\web-programming-course\\lessons\\lr5\\quiz-backend\\src\\middleware\\admin.ts","statementMap":{"0":{"start":{"line":6,"column":25},"end":{"line":39,"column":null}},"1":{"start":{"line":7,"column":21},"end":{"line":7,"column":50}},"2":{"start":{"line":10,"column":2},"end":{"line":11,"column":null}},"3":{"start":{"line":11,"column":4},"end":{"line":11,"column":null}},"4":{"start":{"line":14,"column":16},"end":{"line":14,"column":null}},"5":{"start":{"line":15,"column":17},"end":{"line":15,"column":null}},"6":{"start":{"line":19,"column":18},"end":{"line":19,"column":54}},"7":{"start":{"line":22,"column":15},"end":{"line":24,"column":4}},"8":{"start":{"line":26,"column":2},"end":{"line":27,"column":null}},"9":{"start":{"line":27,"column":4},"end":{"line":27,"column":null}},"10":{"start":{"line":31,"column":2},"end":{"line":32,"column":null}},"11":{"start":{"line":32,"column":4},"end":{"line":32,"column":null}},"12":{"start":{"line":37,"column":2},"end":{"line":37,"column":null}},"13":{"start":{"line":39,"column":2},"end":{"line":39,"column":null}}},"fnMap":{"0":{"name":"(anonymous_0)","decl":{"start":{"line":6,"column":25},"end":{"line":6,"column":32}},"loc":{"start":{"line":6,"column":59},"end":{"line":39,"column":null}},"line":6}},"branchMap":{"0":{"loc":{"start":{"line":10,"column":2},"end":{"line":11,"column":null}},"type":"if","locations":[{"start":{"line":10,"column":2},"end":{"line":11,"column":null}},{"start":{},"end":{}}],"line":10},"1":{"loc":{"start":{"line":10,"column":6},"end":{"line":10,"column":54}},"type":"binary-expr","locations":[{"start":{"line":10,"column":6},"end":{"line":10,"column":21}},{"start":{"line":10,"column":21},"end":{"line":10,"column":54}}],"line":10},"2":{"loc":{"start":{"line":15,"column":17},"end":{"line":15,"column":null}},"type":"binary-expr","locations":[{"start":{"line":15,"column":17},"end":{"line":15,"column":43}},{"start":{"line":15,"column":43},"end":{"line":15,"column":null}}],"line":15},"3":{"loc":{"start":{"line":26,"column":2},"end":{"line":27,"column":null}},"type":"if","locations":[{"start":{"line":26,"column":2},"end":{"line":27,"column":null}},{"start":{},"end":{}}],"line":26},"4":{"loc":{"start":{"line":31,"column":2},"end":{"line":32,"column":null}},"type":"if","locations":[{"start":{"line":31,"column":2},"end":{"line":32,"column":null}},{"start":{},"end":{}}],"line":31}},"s":{"0":2,"1":1,"2":1,"3":0,"4":1,"5":1,"6":1,"7":0,"8":0,"9":0,"10":0,"11":0,"12":0,"13":0},"f":{"0":1},"b":{"0":[0,1],"1":[1,1],"2":[1,1],"3":[0,0],"4":[0,0]},"meta":{"lastBranch":5,"lastFunction":1,"lastStatement":14,"seen":{"s:6:25:39:Infinity":0,"f:6:25:6:32":0,"s:7:21:7:50":1,"b:10:2:11:Infinity:undefined:undefined:undefined:undefined":0,"s:10:2:11:Infinity":2,"b:10:6:10:21:10:21:10:54":1,"s:11:4:11:Infinity":3,"s:14:16:14:Infinity":4,"s:15:17:15:Infinity":5,"b:15:17:15:43:15:43:15:Infinity":2,"s:19:18:19:54":6,"s:22:15:24:4":7,"b:26:2:27:Infinity:undefined:undefined:undefined:undefined":3,"s:26:2:27:Infinity":8,"s:27:4:27:Infinity":9,"b:31:2:32:Infinity:undefined:undefined:undefined:undefined":4,"s:31:2:32:Infinity":10,"s:32:4:32:Infinity":11,"s:37:2:37:Infinity":12,"s:39:2:39:Infinity":13}}}
,"O:\\Github\\web-programming-course\\lessons\\lr5\\quiz-backend\\src\\routes\\admin.ts": {"path":"O:\\Github\\web-programming-course\\lessons\\lr5\\quiz-backend\\src\\routes\\admin.ts","statementMap":{"0":{"start":{"line":10,"column":14},"end":{"line":10,"column":50}},"1":{"start":{"line":13,"column":0},"end":{"line":13,"column":null}},"2":{"start":{"line":16,"column":0},"end":{"line":91,"column":null}},"3":{"start":{"line":18,"column":15},"end":{"line":18,"column":null}},"4":{"start":{"line":19,"column":16},"end":{"line":19,"column":null}},"5":{"start":{"line":20,"column":8},"end":{"line":20,"column":null}},"6":{"start":{"line":23,"column":34},"end":{"line":48,"column":4}},"7":{"start":{"line":51,"column":29},"end":{"line":78,"column":null}},"8":{"start":{"line":52,"column":25},"end":{"line":52,"column":null}},"9":{"start":{"line":54,"column":26},"end":{"line":54,"column":null}},"10":{"start":{"line":54,"column":62},"end":{"line":54,"column":79}},"11":{"start":{"line":56,"column":25},"end":{"line":58,"column":null}},"12":{"start":{"line":57,"column":57},"end":{"line":57,"column":79}},"13":{"start":{"line":60,"column":4},"end":{"line":77,"column":null}},"14":{"start":{"line":81,"column":2},"end":{"line":90,"column":null}},"15":{"start":{"line":94,"column":0},"end":{"line":143,"column":null}},"16":{"start":{"line":96,"column":15},"end":{"line":96,"column":33}},"17":{"start":{"line":99,"column":27},"end":{"line":99,"column":57}},"18":{"start":{"line":100,"column":2},"end":{"line":105,"column":null}},"19":{"start":{"line":101,"column":4},"end":{"line":105,"column":null}},"20":{"start":{"line":108,"column":60},"end":{"line":108,"column":null}},"21":{"start":{"line":110,"column":19},"end":{"line":112,"column":4}},"22":{"start":{"line":114,"column":2},"end":{"line":119,"column":null}},"23":{"start":{"line":115,"column":4},"end":{"line":119,"column":null}},"24":{"start":{"line":123,"column":19},"end":{"line":136,"column":4}},"25":{"start":{"line":139,"column":2},"end":{"line":142,"column":null}},"26":{"start":{"line":146,"column":0},"end":{"line":203,"column":null}},"27":{"start":{"line":147,"column":17},"end":{"line":147,"column":30}},"28":{"start":{"line":148,"column":15},"end":{"line":148,"column":33}},"29":{"start":{"line":151,"column":27},"end":{"line":151,"column":67}},"30":{"start":{"line":153,"column":2},"end":{"line":158,"column":null}},"31":{"start":{"line":154,"column":4},"end":{"line":158,"column":null}},"32":{"start":{"line":162,"column":27},"end":{"line":164,"column":4}},"33":{"start":{"line":166,"column":2},"end":{"line":167,"column":null}},"34":{"start":{"line":167,"column":4},"end":{"line":167,"column":null}},"35":{"start":{"line":171,"column":2},"end":{"line":177,"column":null}},"36":{"start":{"line":172,"column":21},"end":{"line":174,"column":6}},"37":{"start":{"line":176,"column":4},"end":{"line":177,"column":null}},"38":{"start":{"line":177,"column":6},"end":{"line":177,"column":null}},"39":{"start":{"line":184,"column":26},"end":{"line":196,"column":4}},"40":{"start":{"line":199,"column":2},"end":{"line":202,"column":null}},"41":{"start":{"line":206,"column":0},"end":{"line":268,"column":null}},"42":{"start":{"line":208,"column":15},"end":{"line":208,"column":null}},"43":{"start":{"line":209,"column":16},"end":{"line":209,"column":null}},"44":{"start":{"line":210,"column":8},"end":{"line":210,"column":null}},"45":{"start":{"line":213,"column":39},"end":{"line":245,"column":4}},"46":{"start":{"line":248,"column":27},"end":{"line":255,"column":5}},"47":{"start":{"line":248,"column":64},"end":{"line":255,"column":5}},"48":{"start":{"line":258,"column":2},"end":{"line":267,"column":null}},"49":{"start":{"line":271,"column":0},"end":{"line":355,"column":null}},"50":{"start":{"line":272,"column":17},"end":{"line":272,"column":30}},"51":{"start":{"line":273,"column":15},"end":{"line":273,"column":33}},"52":{"start":{"line":276,"column":27},"end":{"line":276,"column":54}},"53":{"start":{"line":277,"column":2},"end":{"line":282,"column":null}},"54":{"start":{"line":278,"column":4},"end":{"line":282,"column":null}},"55":{"start":{"line":285,"column":21},"end":{"line":285,"column":null}},"56":{"start":{"line":289,"column":17},"end":{"line":344,"column":null}},"57":{"start":{"line":290,"column":19},"end":{"line":296,"column":6}},"58":{"start":{"line":299,"column":4},"end":{"line":300,"column":null}},"59":{"start":{"line":300,"column":6},"end":{"line":300,"column":null}},"60":{"start":{"line":302,"column":4},"end":{"line":303,"column":null}},"61":{"start":{"line":303,"column":6},"end":{"line":303,"column":null}},"62":{"start":{"line":305,"column":4},"end":{"line":306,"column":null}},"63":{"start":{"line":306,"column":6},"end":{"line":306,"column":null}},"64":{"start":{"line":310,"column":26},"end":{"line":313,"column":6}},"65":{"start":{"line":316,"column":27},"end":{"line":321,"column":6}},"66":{"start":{"line":323,"column":28},"end":{"line":323,"column":78}},"67":{"start":{"line":323,"column":61},"end":{"line":323,"column":78}},"68":{"start":{"line":326,"column":4},"end":{"line":340,"column":null}},"69":{"start":{"line":327,"column":32},"end":{"line":329,"column":8}},"70":{"start":{"line":331,"column":25},"end":{"line":331,"column":99}},"71":{"start":{"line":331,"column":75},"end":{"line":331,"column":97}},"72":{"start":{"line":333,"column":6},"end":{"line":340,"column":null}},"73":{"start":{"line":343,"column":4},"end":{"line":343,"column":null}},"74":{"start":{"line":346,"column":2},"end":{"line":354,"column":null}},"75":{"start":{"line":358,"column":0},"end":{"line":440,"column":null}},"76":{"start":{"line":360,"column":15},"end":{"line":360,"column":null}},"77":{"start":{"line":361,"column":16},"end":{"line":361,"column":null}},"78":{"start":{"line":362,"column":8},"end":{"line":362,"column":null}},"79":{"start":{"line":363,"column":17},"end":{"line":363,"column":null}},"80":{"start":{"line":366,"column":16},"end":{"line":371,"column":8}},"81":{"start":{"line":374,"column":33},"end":{"line":402,"column":4}},"82":{"start":{"line":405,"column":28},"end":{"line":427,"column":null}},"83":{"start":{"line":406,"column":19},"end":{"line":408,"column":35}},"84":{"start":{"line":407,"column":23},"end":{"line":407,"column":36}},"85":{"start":{"line":408,"column":29},"end":{"line":408,"column":35}},"86":{"start":{"line":410,"column":25},"end":{"line":413,"column":null}},"87":{"start":{"line":412,"column":50},"end":{"line":412,"column":59}},"88":{"start":{"line":415,"column":4},"end":{"line":426,"column":null}},"89":{"start":{"line":430,"column":2},"end":{"line":439,"column":null}},"90":{"start":{"line":443,"column":0},"end":{"line":500,"column":null}},"91":{"start":{"line":445,"column":15},"end":{"line":445,"column":33}},"92":{"start":{"line":447,"column":2},"end":{"line":448,"column":null}},"93":{"start":{"line":448,"column":4},"end":{"line":448,"column":null}},"94":{"start":{"line":452,"column":28},"end":{"line":452,"column":82}},"95":{"start":{"line":452,"column":54},"end":{"line":452,"column":81}},"96":{"start":{"line":454,"column":17},"end":{"line":456,"column":20}},"97":{"start":{"line":455,"column":29},"end":{"line":455,"column":94}},"98":{"start":{"line":458,"column":2},"end":{"line":459,"column":null}},"99":{"start":{"line":459,"column":4},"end":{"line":459,"column":null}},"100":{"start":{"line":463,"column":20},"end":{"line":463,"column":55}},"101":{"start":{"line":463,"column":47},"end":{"line":463,"column":55}},"102":{"start":{"line":464,"column":22},"end":{"line":464,"column":68}},"103":{"start":{"line":464,"column":53},"end":{"line":464,"column":66}},"104":{"start":{"line":466,"column":21},"end":{"line":469,"column":4}},"105":{"start":{"line":471,"column":27},"end":{"line":471,"column":83}},"106":{"start":{"line":471,"column":75},"end":{"line":471,"column":82}},"107":{"start":{"line":472,"column":28},"end":{"line":472,"column":89}},"108":{"start":{"line":472,"column":63},"end":{"line":472,"column":88}},"109":{"start":{"line":474,"column":2},"end":{"line":477,"column":null}},"110":{"start":{"line":475,"column":4},"end":{"line":477,"column":null}},"111":{"start":{"line":481,"column":24},"end":{"line":488,"column":5}},"112":{"start":{"line":481,"column":46},"end":{"line":488,"column":5}},"113":{"start":{"line":491,"column":17},"end":{"line":493,"column":4}},"114":{"start":{"line":495,"column":2},"end":{"line":499,"column":null}}},"fnMap":{"0":{"name":"(anonymous_0)","decl":{"start":{"line":16,"column":24},"end":{"line":16,"column":31}},"loc":{"start":{"line":16,"column":46},"end":{"line":91,"column":null}},"line":16},"1":{"name":"(anonymous_1)","decl":{"start":{"line":51,"column":39},"end":{"line":51,"column":44}},"loc":{"start":{"line":51,"column":62},"end":{"line":78,"column":null}},"line":51},"2":{"name":"(anonymous_2)","decl":{"start":{"line":54,"column":43},"end":{"line":54,"column":51}},"loc":{"start":{"line":54,"column":62},"end":{"line":54,"column":79}},"line":54},"3":{"name":"(anonymous_3)","decl":{"start":{"line":57,"column":25},"end":{"line":57,"column":33}},"loc":{"start":{"line":57,"column":57},"end":{"line":57,"column":79}},"line":57},"4":{"name":"(anonymous_4)","decl":{"start":{"line":94,"column":25},"end":{"line":94,"column":32}},"loc":{"start":{"line":94,"column":47},"end":{"line":143,"column":null}},"line":94},"5":{"name":"(anonymous_5)","decl":{"start":{"line":146,"column":28},"end":{"line":146,"column":35}},"loc":{"start":{"line":146,"column":50},"end":{"line":203,"column":null}},"line":146},"6":{"name":"(anonymous_6)","decl":{"start":{"line":206,"column":30},"end":{"line":206,"column":37}},"loc":{"start":{"line":206,"column":52},"end":{"line":268,"column":null}},"line":206},"7":{"name":"(anonymous_7)","decl":{"start":{"line":248,"column":42},"end":{"line":248,"column":47}},"loc":{"start":{"line":248,"column":64},"end":{"line":255,"column":5}},"line":248},"8":{"name":"(anonymous_8)","decl":{"start":{"line":271,"column":33},"end":{"line":271,"column":40}},"loc":{"start":{"line":271,"column":55},"end":{"line":355,"column":null}},"line":271},"9":{"name":"(anonymous_9)","decl":{"start":{"line":289,"column":43},"end":{"line":289,"column":50}},"loc":{"start":{"line":289,"column":62},"end":{"line":344,"column":null}},"line":289},"10":{"name":"(anonymous_10)","decl":{"start":{"line":323,"column":43},"end":{"line":323,"column":50}},"loc":{"start":{"line":323,"column":61},"end":{"line":323,"column":78}},"line":323},"11":{"name":"(anonymous_11)","decl":{"start":{"line":331,"column":43},"end":{"line":331,"column":51}},"loc":{"start":{"line":331,"column":75},"end":{"line":331,"column":97}},"line":331},"12":{"name":"(anonymous_12)","decl":{"start":{"line":358,"column":23},"end":{"line":358,"column":30}},"loc":{"start":{"line":358,"column":45},"end":{"line":440,"column":null}},"line":358},"13":{"name":"(anonymous_13)","decl":{"start":{"line":405,"column":37},"end":{"line":405,"column":42}},"loc":{"start":{"line":405,"column":59},"end":{"line":427,"column":null}},"line":405},"14":{"name":"(anonymous_14)","decl":{"start":{"line":407,"column":7},"end":{"line":407,"column":12}},"loc":{"start":{"line":407,"column":23},"end":{"line":407,"column":36}},"line":407},"15":{"name":"(anonymous_15)","decl":{"start":{"line":408,"column":7},"end":{"line":408,"column":15}},"loc":{"start":{"line":408,"column":29},"end":{"line":408,"column":35}},"line":408},"16":{"name":"(anonymous_16)","decl":{"start":{"line":412,"column":15},"end":{"line":412,"column":23}},"loc":{"start":{"line":412,"column":50},"end":{"line":412,"column":59}},"line":412},"17":{"name":"(anonymous_17)","decl":{"start":{"line":443,"column":31},"end":{"line":443,"column":38}},"loc":{"start":{"line":443,"column":53},"end":{"line":500,"column":null}},"line":443},"18":{"name":"(anonymous_18)","decl":{"start":{"line":452,"column":43},"end":{"line":452,"column":48}},"loc":{"start":{"line":452,"column":54},"end":{"line":452,"column":81}},"line":452},"19":{"name":"(anonymous_19)","decl":{"start":{"line":455,"column":5},"end":{"line":455,"column":10}},"loc":{"start":{"line":455,"column":29},"end":{"line":455,"column":94}},"line":455},"20":{"name":"(anonymous_20)","decl":{"start":{"line":463,"column":38},"end":{"line":463,"column":42}},"loc":{"start":{"line":463,"column":47},"end":{"line":463,"column":55}},"line":463},"21":{"name":"(anonymous_21)","decl":{"start":{"line":464,"column":44},"end":{"line":464,"column":48}},"loc":{"start":{"line":464,"column":53},"end":{"line":464,"column":66}},"line":464},"22":{"name":"(anonymous_22)","decl":{"start":{"line":471,"column":46},"end":{"line":471,"column":51}},"loc":{"start":{"line":471,"column":75},"end":{"line":471,"column":82}},"line":471},"23":{"name":"(anonymous_23)","decl":{"start":{"line":472,"column":40},"end":{"line":472,"column":48}},"loc":{"start":{"line":472,"column":63},"end":{"line":472,"column":88}},"line":472},"24":{"name":"(anonymous_24)","decl":{"start":{"line":481,"column":34},"end":{"line":481,"column":39}},"loc":{"start":{"line":481,"column":46},"end":{"line":488,"column":5}},"line":481}},"branchMap":{"0":{"loc":{"start":{"line":18,"column":15},"end":{"line":18,"column":null}},"type":"binary-expr","locations":[{"start":{"line":18,"column":15},"end":{"line":18,"column":42}},{"start":{"line":18,"column":46},"end":{"line":18,"column":null}}],"line":18},"1":{"loc":{"start":{"line":19,"column":16},"end":{"line":19,"column":null}},"type":"binary-expr","locations":[{"start":{"line":19,"column":16},"end":{"line":19,"column":44}},{"start":{"line":19,"column":48},"end":{"line":19,"column":null}}],"line":19},"2":{"loc":{"start":{"line":56,"column":25},"end":{"line":58,"column":null}},"type":"cond-expr","locations":[{"start":{"line":57,"column":8},"end":{"line":57,"column":null}},{"start":{"line":58,"column":8},"end":{"line":58,"column":null}}],"line":56},"3":{"loc":{"start":{"line":57,"column":64},"end":{"line":57,"column":79}},"type":"binary-expr","locations":[{"start":{"line":57,"column":64},"end":{"line":57,"column":75}},{"start":{"line":57,"column":75},"end":{"line":57,"column":79}}],"line":57},"4":{"loc":{"start":{"line":71,"column":24},"end":{"line":73,"column":null}},"type":"cond-expr","locations":[{"start":{"line":72,"column":12},"end":{"line":72,"column":69}},{"start":{"line":73,"column":12},"end":{"line":73,"column":null}}],"line":71},"5":{"loc":{"start":{"line":100,"column":2},"end":{"line":105,"column":null}},"type":"if","locations":[{"start":{"line":100,"column":2},"end":{"line":105,"column":null}},{"start":{},"end":{}}],"line":100},"6":{"loc":{"start":{"line":114,"column":2},"end":{"line":119,"column":null}},"type":"if","locations":[{"start":{"line":114,"column":2},"end":{"line":119,"column":null}},{"start":{},"end":{}}],"line":114},"7":{"loc":{"start":{"line":153,"column":2},"end":{"line":158,"column":null}},"type":"if","locations":[{"start":{"line":153,"column":2},"end":{"line":158,"column":null}},{"start":{},"end":{}}],"line":153},"8":{"loc":{"start":{"line":166,"column":2},"end":{"line":167,"column":null}},"type":"if","locations":[{"start":{"line":166,"column":2},"end":{"line":167,"column":null}},{"start":{},"end":{}}],"line":166},"9":{"loc":{"start":{"line":171,"column":2},"end":{"line":177,"column":null}},"type":"if","locations":[{"start":{"line":171,"column":2},"end":{"line":177,"column":null}},{"start":{},"end":{}}],"line":171},"10":{"loc":{"start":{"line":176,"column":4},"end":{"line":177,"column":null}},"type":"if","locations":[{"start":{"line":176,"column":4},"end":{"line":177,"column":null}},{"start":{},"end":{}}],"line":176},"11":{"loc":{"start":{"line":208,"column":15},"end":{"line":208,"column":null}},"type":"binary-expr","locations":[{"start":{"line":208,"column":15},"end":{"line":208,"column":42}},{"start":{"line":208,"column":46},"end":{"line":208,"column":null}}],"line":208},"12":{"loc":{"start":{"line":209,"column":16},"end":{"line":209,"column":null}},"type":"binary-expr","locations":[{"start":{"line":209,"column":16},"end":{"line":209,"column":44}},{"start":{"line":209,"column":48},"end":{"line":209,"column":null}}],"line":209},"13":{"loc":{"start":{"line":277,"column":2},"end":{"line":282,"column":null}},"type":"if","locations":[{"start":{"line":277,"column":2},"end":{"line":282,"column":null}},{"start":{},"end":{}}],"line":277},"14":{"loc":{"start":{"line":299,"column":4},"end":{"line":300,"column":null}},"type":"if","locations":[{"start":{"line":299,"column":4},"end":{"line":300,"column":null}},{"start":{},"end":{}}],"line":299},"15":{"loc":{"start":{"line":302,"column":4},"end":{"line":303,"column":null}},"type":"if","locations":[{"start":{"line":302,"column":4},"end":{"line":303,"column":null}},{"start":{},"end":{}}],"line":302},"16":{"loc":{"start":{"line":305,"column":4},"end":{"line":306,"column":null}},"type":"if","locations":[{"start":{"line":305,"column":4},"end":{"line":306,"column":null}},{"start":{},"end":{}}],"line":305},"17":{"loc":{"start":{"line":326,"column":4},"end":{"line":340,"column":null}},"type":"if","locations":[{"start":{"line":326,"column":4},"end":{"line":340,"column":null}},{"start":{},"end":{}}],"line":326},"18":{"loc":{"start":{"line":331,"column":82},"end":{"line":331,"column":97}},"type":"binary-expr","locations":[{"start":{"line":331,"column":82},"end":{"line":331,"column":93}},{"start":{"line":331,"column":93},"end":{"line":331,"column":97}}],"line":331},"19":{"loc":{"start":{"line":360,"column":15},"end":{"line":360,"column":null}},"type":"binary-expr","locations":[{"start":{"line":360,"column":15},"end":{"line":360,"column":42}},{"start":{"line":360,"column":46},"end":{"line":360,"column":null}}],"line":360},"20":{"loc":{"start":{"line":361,"column":16},"end":{"line":361,"column":null}},"type":"binary-expr","locations":[{"start":{"line":361,"column":16},"end":{"line":361,"column":44}},{"start":{"line":361,"column":48},"end":{"line":361,"column":null}}],"line":361},"21":{"loc":{"start":{"line":363,"column":17},"end":{"line":363,"column":null}},"type":"binary-expr","locations":[{"start":{"line":363,"column":17},"end":{"line":363,"column":38}},{"start":{"line":363,"column":42},"end":{"line":363,"column":null}}],"line":363},"22":{"loc":{"start":{"line":366,"column":16},"end":{"line":371,"column":8}},"type":"cond-expr","locations":[{"start":{"line":366,"column":25},"end":{"line":370,"column":null}},{"start":{"line":371,"column":6},"end":{"line":371,"column":8}}],"line":366},"23":{"loc":{"start":{"line":407,"column":23},"end":{"line":407,"column":36}},"type":"binary-expr","locations":[{"start":{"line":407,"column":23},"end":{"line":407,"column":34}},{"start":{"line":407,"column":34},"end":{"line":407,"column":36}}],"line":407},"24":{"loc":{"start":{"line":410,"column":25},"end":{"line":413,"column":null}},"type":"cond-expr","locations":[{"start":{"line":412,"column":8},"end":{"line":412,"column":null}},{"start":{"line":413,"column":8},"end":{"line":413,"column":null}}],"line":410},"25":{"loc":{"start":{"line":447,"column":2},"end":{"line":448,"column":null}},"type":"if","locations":[{"start":{"line":447,"column":2},"end":{"line":448,"column":null}},{"start":{},"end":{}}],"line":447},"26":{"loc":{"start":{"line":455,"column":29},"end":{"line":455,"column":94}},"type":"cond-expr","locations":[{"start":{"line":455,"column":47},"end":{"line":455,"column":88}},{"start":{"line":455,"column":88},"end":{"line":455,"column":94}}],"line":455},"27":{"loc":{"start":{"line":458,"column":2},"end":{"line":459,"column":null}},"type":"if","locations":[{"start":{"line":458,"column":2},"end":{"line":459,"column":null}},{"start":{},"end":{}}],"line":458},"28":{"loc":{"start":{"line":474,"column":2},"end":{"line":477,"column":null}},"type":"if","locations":[{"start":{"line":474,"column":2},"end":{"line":477,"column":null}},{"start":{},"end":{}}],"line":474},"29":{"loc":{"start":{"line":487,"column":19},"end":{"line":487,"column":null}},"type":"binary-expr","locations":[{"start":{"line":487,"column":19},"end":{"line":487,"column":38}},{"start":{"line":487,"column":38},"end":{"line":487,"column":null}}],"line":487}},"s":{"0":2,"1":2,"2":2,"3":0,"4":0,"5":0,"6":0,"7":0,"8":0,"9":0,"10":0,"11":0,"12":0,"13":0,"14":0,"15":2,"16":0,"17":0,"18":0,"19":0,"20":0,"21":0,"22":0,"23":0,"24":0,"25":0,"26":2,"27":0,"28":0,"29":0,"30":0,"31":0,"32":0,"33":0,"34":0,"35":0,"36":0,"37":0,"38":0,"39":0,"40":0,"41":2,"42":0,"43":0,"44":0,"45":0,"46":0,"47":0,"48":0,"49":2,"50":0,"51":0,"52":0,"53":0,"54":0,"55":0,"56":0,"57":0,"58":0,"59":0,"60":0,"61":0,"62":0,"63":0,"64":0,"65":0,"66":0,"67":0,"68":0,"69":0,"70":0,"71":0,"72":0,"73":0,"74":0,"75":2,"76":0,"77":0,"78":0,"79":0,"80":0,"81":0,"82":0,"83":0,"84":0,"85":0,"86":0,"87":0,"88":0,"89":0,"90":2,"91":0,"92":0,"93":0,"94":0,"95":0,"96":0,"97":0,"98":0,"99":0,"100":0,"101":0,"102":0,"103":0,"104":0,"105":0,"106":0,"107":0,"108":0,"109":0,"110":0,"111":0,"112":0,"113":0,"114":0},"f":{"0":0,"1":0,"2":0,"3":0,"4":0,"5":0,"6":0,"7":0,"8":0,"9":0,"10":0,"11":0,"12":0,"13":0,"14":0,"15":0,"16":0,"17":0,"18":0,"19":0,"20":0,"21":0,"22":0,"23":0,"24":0},"b":{"0":[0,0],"1":[0,0],"2":[0,0],"3":[0,0],"4":[0,0],"5":[0,0],"6":[0,0],"7":[0,0],"8":[0,0],"9":[0,0],"10":[0,0],"11":[0,0],"12":[0,0],"13":[0,0],"14":[0,0],"15":[0,0],"16":[0,0],"17":[0,0],"18":[0,0],"19":[0,0],"20":[0,0],"21":[0,0],"22":[0,0],"23":[0,0],"24":[0,0],"25":[0,0],"26":[0,0],"27":[0,0],"28":[0,0],"29":[0,0]},"meta":{"lastBranch":30,"lastFunction":25,"lastStatement":115,"seen":{"s:10:14:10:50":0,"s:13:0:13:Infinity":1,"s:16:0:91:Infinity":2,"f:16:24:16:31":0,"s:18:15:18:Infinity":3,"b:18:15:18:42:18:46:18:Infinity":0,"s:19:16:19:Infinity":4,"b:19:16:19:44:19:48:19:Infinity":1,"s:20:8:20:Infinity":5,"s:23:34:48:4":6,"s:51:29:78:Infinity":7,"f:51:39:51:44":1,"s:52:25:52:Infinity":8,"s:54:26:54:Infinity":9,"f:54:43:54:51":2,"s:54:62:54:79":10,"s:56:25:58:Infinity":11,"b:57:8:57:Infinity:58:8:58:Infinity":2,"f:57:25:57:33":3,"s:57:57:57:79":12,"b:57:64:57:75:57:75:57:79":3,"s:60:4:77:Infinity":13,"b:72:12:72:69:73:12:73:Infinity":4,"s:81:2:90:Infinity":14,"s:94:0:143:Infinity":15,"f:94:25:94:32":4,"s:96:15:96:33":16,"s:99:27:99:57":17,"b:100:2:105:Infinity:undefined:undefined:undefined:undefined":5,"s:100:2:105:Infinity":18,"s:101:4:105:Infinity":19,"s:108:60:108:Infinity":20,"s:110:19:112:4":21,"b:114:2:119:Infinity:undefined:undefined:undefined:undefined":6,"s:114:2:119:Infinity":22,"s:115:4:119:Infinity":23,"s:123:19:136:4":24,"s:139:2:142:Infinity":25,"s:146:0:203:Infinity":26,"f:146:28:146:35":5,"s:147:17:147:30":27,"s:148:15:148:33":28,"s:151:27:151:67":29,"b:153:2:158:Infinity:undefined:undefined:undefined:undefined":7,"s:153:2:158:Infinity":30,"s:154:4:158:Infinity":31,"s:162:27:164:4":32,"b:166:2:167:Infinity:undefined:undefined:undefined:undefined":8,"s:166:2:167:Infinity":33,"s:167:4:167:Infinity":34,"b:171:2:177:Infinity:undefined:undefined:undefined:undefined":9,"s:171:2:177:Infinity":35,"s:172:21:174:6":36,"b:176:4:177:Infinity:undefined:undefined:undefined:undefined":10,"s:176:4:177:Infinity":37,"s:177:6:177:Infinity":38,"s:184:26:196:4":39,"s:199:2:202:Infinity":40,"s:206:0:268:Infinity":41,"f:206:30:206:37":6,"s:208:15:208:Infinity":42,"b:208:15:208:42:208:46:208:Infinity":11,"s:209:16:209:Infinity":43,"b:209:16:209:44:209:48:209:Infinity":12,"s:210:8:210:Infinity":44,"s:213:39:245:4":45,"s:248:27:255:5":46,"f:248:42:248:47":7,"s:248:64:255:5":47,"s:258:2:267:Infinity":48,"s:271:0:355:Infinity":49,"f:271:33:271:40":8,"s:272:17:272:30":50,"s:273:15:273:33":51,"s:276:27:276:54":52,"b:277:2:282:Infinity:undefined:undefined:undefined:undefined":13,"s:277:2:282:Infinity":53,"s:278:4:282:Infinity":54,"s:285:21:285:Infinity":55,"s:289:17:344:Infinity":56,"f:289:43:289:50":9,"s:290:19:296:6":57,"b:299:4:300:Infinity:undefined:undefined:undefined:undefined":14,"s:299:4:300:Infinity":58,"s:300:6:300:Infinity":59,"b:302:4:303:Infinity:undefined:undefined:undefined:undefined":15,"s:302:4:303:Infinity":60,"s:303:6:303:Infinity":61,"b:305:4:306:Infinity:undefined:undefined:undefined:undefined":16,"s:305:4:306:Infinity":62,"s:306:6:306:Infinity":63,"s:310:26:313:6":64,"s:316:27:321:6":65,"s:323:28:323:78":66,"f:323:43:323:50":10,"s:323:61:323:78":67,"b:326:4:340:Infinity:undefined:undefined:undefined:undefined":17,"s:326:4:340:Infinity":68,"s:327:32:329:8":69,"s:331:25:331:99":70,"f:331:43:331:51":11,"s:331:75:331:97":71,"b:331:82:331:93:331:93:331:97":18,"s:333:6:340:Infinity":72,"s:343:4:343:Infinity":73,"s:346:2:354:Infinity":74,"s:358:0:440:Infinity":75,"f:358:23:358:30":12,"s:360:15:360:Infinity":76,"b:360:15:360:42:360:46:360:Infinity":19,"s:361:16:361:Infinity":77,"b:361:16:361:44:361:48:361:Infinity":20,"s:362:8:362:Infinity":78,"s:363:17:363:Infinity":79,"b:363:17:363:38:363:42:363:Infinity":21,"s:366:16:371:8":80,"b:366:25:370:Infinity:371:6:371:8":22,"s:374:33:402:4":81,"s:405:28:427:Infinity":82,"f:405:37:405:42":13,"s:406:19:408:35":83,"f:407:7:407:12":14,"s:407:23:407:36":84,"b:407:23:407:34:407:34:407:36":23,"f:408:7:408:15":15,"s:408:29:408:35":85,"s:410:25:413:Infinity":86,"b:412:8:412:Infinity:413:8:413:Infinity":24,"f:412:15:412:23":16,"s:412:50:412:59":87,"s:415:4:426:Infinity":88,"s:430:2:439:Infinity":89,"s:443:0:500:Infinity":90,"f:443:31:443:38":17,"s:445:15:445:33":91,"b:447:2:448:Infinity:undefined:undefined:undefined:undefined":25,"s:447:2:448:Infinity":92,"s:448:4:448:Infinity":93,"s:452:28:452:82":94,"f:452:43:452:48":18,"s:452:54:452:81":95,"s:454:17:456:20":96,"f:455:5:455:10":19,"s:455:29:455:94":97,"b:455:47:455:88:455:88:455:94":26,"b:458:2:459:Infinity:undefined:undefined:undefined:undefined":27,"s:458:2:459:Infinity":98,"s:459:4:459:Infinity":99,"s:463:20:463:55":100,"f:463:38:463:42":20,"s:463:47:463:55":101,"s:464:22:464:68":102,"f:464:44:464:48":21,"s:464:53:464:66":103,"s:466:21:469:4":104,"s:471:27:471:83":105,"f:471:46:471:51":22,"s:471:75:471:82":106,"s:472:28:472:89":107,"f:472:40:472:48":23,"s:472:63:472:88":108,"b:474:2:477:Infinity:undefined:undefined:undefined:undefined":28,"s:474:2:477:Infinity":109,"s:475:4:477:Infinity":110,"s:481:24:488:5":111,"f:481:34:481:39":24,"s:481:46:488:5":112,"b:487:19:487:38:487:38:487:Infinity":29,"s:491:17:493:4":113,"s:495:2:499:Infinity":114}}}
,"O:\\Github\\web-programming-course\\lessons\\lr5\\quiz-backend\\src\\routes\\auth.ts": {"path":"O:\\Github\\web-programming-course\\lessons\\lr5\\quiz-backend\\src\\routes\\auth.ts","statementMap":{"0":{"start":{"line":8,"column":13},"end":{"line":8,"column":23}},"1":{"start":{"line":11,"column":80},"end":{"line":14,"column":null}},"2":{"start":{"line":17,"column":0},"end":{"line":80,"column":null}},"3":{"start":{"line":18,"column":15},"end":{"line":18,"column":33}},"4":{"start":{"line":21,"column":21},"end":{"line":21,"column":55}},"5":{"start":{"line":22,"column":2},"end":{"line":23,"column":null}},"6":{"start":{"line":23,"column":4},"end":{"line":23,"column":null}},"7":{"start":{"line":26,"column":19},"end":{"line":26,"column":null}},"8":{"start":{"line":30,"column":0},"end":{"line":49,"column":null}},"9":{"start":{"line":31,"column":2},"end":{"line":35,"column":null}},"10":{"start":{"line":37,"column":2},"end":{"line":49,"column":null}},"11":{"start":{"line":38,"column":27},"end":{"line":38,"column":58}},"12":{"start":{"line":40,"column":4},"end":{"line":45,"column":null}},"13":{"start":{"line":48,"column":4},"end":{"line":48,"column":null}},"14":{"start":{"line":49,"column":4},"end":{"line":49,"column":null}},"15":{"start":{"line":54,"column":15},"end":{"line":62,"column":4}},"16":{"start":{"line":65,"column":17},"end":{"line":65,"column":null}},"17":{"start":{"line":66,"column":18},"end":{"line":71,"column":null}},"18":{"start":{"line":73,"column":16},"end":{"line":73,"column":43}},"19":{"start":{"line":75,"column":2},"end":{"line":79,"column":null}},"20":{"start":{"line":83,"column":0},"end":{"line":109,"column":null}},"21":{"start":{"line":84,"column":21},"end":{"line":84,"column":50}},"22":{"start":{"line":86,"column":2},"end":{"line":87,"column":null}},"23":{"start":{"line":87,"column":4},"end":{"line":87,"column":null}},"24":{"start":{"line":90,"column":16},"end":{"line":90,"column":null}},"25":{"start":{"line":91,"column":17},"end":{"line":91,"column":null}},"26":{"start":{"line":95,"column":18},"end":{"line":95,"column":54}},"27":{"start":{"line":97,"column":15},"end":{"line":99,"column":4}},"28":{"start":{"line":101,"column":2},"end":{"line":102,"column":null}},"29":{"start":{"line":102,"column":4},"end":{"line":102,"column":null}},"30":{"start":{"line":105,"column":2},"end":{"line":108,"column":null}}},"fnMap":{"0":{"name":"(anonymous_0)","decl":{"start":{"line":17,"column":30},"end":{"line":17,"column":37}},"loc":{"start":{"line":17,"column":43},"end":{"line":80,"column":null}},"line":17},"1":{"name":"(anonymous_1)","decl":{"start":{"line":83,"column":16},"end":{"line":83,"column":23}},"loc":{"start":{"line":83,"column":29},"end":{"line":109,"column":null}},"line":83}},"branchMap":{"0":{"loc":{"start":{"line":22,"column":2},"end":{"line":23,"column":null}},"type":"if","locations":[{"start":{"line":22,"column":2},"end":{"line":23,"column":null}},{"start":{},"end":{}}],"line":22},"1":{"loc":{"start":{"line":30,"column":0},"end":{"line":49,"column":null}},"type":"if","locations":[{"start":{"line":30,"column":0},"end":{"line":49,"column":null}},{"start":{"line":36,"column":7},"end":{"line":49,"column":null}}],"line":30},"2":{"loc":{"start":{"line":31,"column":15},"end":{"line":35,"column":null}},"type":"binary-expr","locations":[{"start":{"line":31,"column":15},"end":{"line":31,"column":35}},{"start":{"line":31,"column":35},"end":{"line":35,"column":null}}],"line":31},"3":{"loc":{"start":{"line":43,"column":13},"end":{"line":43,"column":null}},"type":"binary-expr","locations":[{"start":{"line":43,"column":13},"end":{"line":43,"column":37}},{"start":{"line":43,"column":37},"end":{"line":43,"column":null}}],"line":43},"4":{"loc":{"start":{"line":44,"column":12},"end":{"line":44,"column":null}},"type":"binary-expr","locations":[{"start":{"line":44,"column":12},"end":{"line":44,"column":35}},{"start":{"line":44,"column":35},"end":{"line":44,"column":null}}],"line":44},"5":{"loc":{"start":{"line":65,"column":17},"end":{"line":65,"column":null}},"type":"binary-expr","locations":[{"start":{"line":65,"column":17},"end":{"line":65,"column":43}},{"start":{"line":65,"column":43},"end":{"line":65,"column":null}}],"line":65},"6":{"loc":{"start":{"line":86,"column":2},"end":{"line":87,"column":null}},"type":"if","locations":[{"start":{"line":86,"column":2},"end":{"line":87,"column":null}},{"start":{},"end":{}}],"line":86},"7":{"loc":{"start":{"line":86,"column":6},"end":{"line":86,"column":54}},"type":"binary-expr","locations":[{"start":{"line":86,"column":6},"end":{"line":86,"column":21}},{"start":{"line":86,"column":21},"end":{"line":86,"column":54}}],"line":86},"8":{"loc":{"start":{"line":91,"column":17},"end":{"line":91,"column":null}},"type":"binary-expr","locations":[{"start":{"line":91,"column":17},"end":{"line":91,"column":43}},{"start":{"line":91,"column":43},"end":{"line":91,"column":null}}],"line":91},"9":{"loc":{"start":{"line":101,"column":2},"end":{"line":102,"column":null}},"type":"if","locations":[{"start":{"line":101,"column":2},"end":{"line":102,"column":null}},{"start":{},"end":{}}],"line":101}},"s":{"0":2,"1":2,"2":2,"3":1,"4":1,"5":1,"6":1,"7":0,"8":0,"9":0,"10":0,"11":0,"12":0,"13":0,"14":0,"15":0,"16":0,"17":1,"18":1,"19":0,"20":2,"21":2,"22":2,"23":1,"24":1,"25":1,"26":2,"27":0,"28":0,"29":0,"30":0},"f":{"0":1,"1":2},"b":{"0":[1,0],"1":[0,0],"2":[0,0],"3":[0,0],"4":[0,0],"5":[0,0],"6":[1,1],"7":[2,1],"8":[1,1],"9":[0,0]},"meta":{"lastBranch":10,"lastFunction":2,"lastStatement":31,"seen":{"s:8:13:8:23":0,"s:11:80:14:Infinity":1,"s:17:0:80:Infinity":2,"f:17:30:17:37":0,"s:18:15:18:33":3,"s:21:21:21:55":4,"b:22:2:23:Infinity:undefined:undefined:undefined:undefined":0,"s:22:2:23:Infinity":5,"s:23:4:23:Infinity":6,"s:26:19:26:Infinity":7,"b:30:0:49:Infinity:36:7:49:Infinity":1,"s:30:0:49:Infinity":8,"s:31:2:35:Infinity":9,"b:31:15:31:35:31:35:35:Infinity":2,"s:37:2:49:Infinity":10,"s:38:27:38:58":11,"s:40:4:45:Infinity":12,"b:43:13:43:37:43:37:43:Infinity":3,"b:44:12:44:35:44:35:44:Infinity":4,"s:48:4:48:Infinity":13,"s:49:4:49:Infinity":14,"s:54:15:62:4":15,"s:65:17:65:Infinity":16,"b:65:17:65:43:65:43:65:Infinity":5,"s:66:18:71:Infinity":17,"s:73:16:73:43":18,"s:75:2:79:Infinity":19,"s:83:0:109:Infinity":20,"f:83:16:83:23":1,"s:84:21:84:50":21,"b:86:2:87:Infinity:undefined:undefined:undefined:undefined":6,"s:86:2:87:Infinity":22,"b:86:6:86:21:86:21:86:54":7,"s:87:4:87:Infinity":23,"s:90:16:90:Infinity":24,"s:91:17:91:Infinity":25,"b:91:17:91:43:91:43:91:Infinity":8,"s:95:18:95:54":26,"s:97:15:99:4":27,"b:101:2:102:Infinity:undefined:undefined:undefined:undefined":9,"s:101:2:102:Infinity":28,"s:102:4:102:Infinity":29,"s:105:2:108:Infinity":30}}}
,"O:\\Github\\web-programming-course\\lessons\\lr5\\quiz-backend\\src\\routes\\categories.ts": {"path":"O:\\Github\\web-programming-course\\lessons\\lr5\\quiz-backend\\src\\routes\\categories.ts","statementMap":{"0":{"start":{"line":4,"column":19},"end":{"line":4,"column":29}},"1":{"start":{"line":7,"column":0},"end":{"line":23,"column":null}},"2":{"start":{"line":8,"column":24},"end":{"line":17,"column":4}},"3":{"start":{"line":19,"column":2},"end":{"line":22,"column":null}}},"fnMap":{"0":{"name":"(anonymous_0)","decl":{"start":{"line":7,"column":20},"end":{"line":7,"column":27}},"loc":{"start":{"line":7,"column":33},"end":{"line":23,"column":null}},"line":7}},"branchMap":{},"s":{"0":2,"1":2,"2":0,"3":0},"f":{"0":0},"b":{},"meta":{"lastBranch":0,"lastFunction":1,"lastStatement":4,"seen":{"s:4:19:4:29":0,"s:7:0:23:Infinity":1,"f:7:20:7:27":0,"s:8:24:17:4":2,"s:19:2:22:Infinity":3}}}
,"O:\\Github\\web-programming-course\\lessons\\lr5\\quiz-backend\\src\\routes\\sessions.ts": {"path":"O:\\Github\\web-programming-course\\lessons\\lr5\\quiz-backend\\src\\routes\\sessions.ts","statementMap":{"0":{"start":{"line":9,"column":17},"end":{"line":9,"column":27}},"1":{"start":{"line":12,"column":28},"end":{"line":15,"column":2}},"2":{"start":{"line":18,"column":32},"end":{"line":43,"column":null}},"3":{"start":{"line":19,"column":21},"end":{"line":19,"column":50}},"4":{"start":{"line":22,"column":2},"end":{"line":23,"column":null}},"5":{"start":{"line":23,"column":4},"end":{"line":23,"column":null}},"6":{"start":{"line":26,"column":16},"end":{"line":26,"column":null}},"7":{"start":{"line":27,"column":17},"end":{"line":27,"column":null}},"8":{"start":{"line":32,"column":18},"end":{"line":32,"column":54}},"9":{"start":{"line":35,"column":15},"end":{"line":37,"column":4}},"10":{"start":{"line":39,"column":2},"end":{"line":40,"column":null}},"11":{"start":{"line":40,"column":4},"end":{"line":40,"column":null}},"12":{"start":{"line":43,"column":2},"end":{"line":43,"column":null}},"13":{"start":{"line":47,"column":0},"end":{"line":126,"column":null}},"14":{"start":{"line":49,"column":15},"end":{"line":49,"column":40}},"15":{"start":{"line":51,"column":15},"end":{"line":51,"column":33}},"16":{"start":{"line":54,"column":27},"end":{"line":54,"column":62}},"17":{"start":{"line":55,"column":2},"end":{"line":56,"column":null}},"18":{"start":{"line":56,"column":4},"end":{"line":56,"column":null}},"19":{"start":{"line":59,"column":40},"end":{"line":59,"column":null}},"20":{"start":{"line":62,"column":26},"end":{"line":64,"column":4}},"21":{"start":{"line":66,"column":2},"end":{"line":67,"column":null}},"22":{"start":{"line":67,"column":4},"end":{"line":67,"column":null}},"23":{"start":{"line":70,"column":22},"end":{"line":70,"column":62}},"24":{"start":{"line":75,"column":20},"end":{"line":82,"column":4}},"25":{"start":{"line":85,"column":20},"end":{"line":85,"column":30}},"26":{"start":{"line":86,"column":2},"end":{"line":86,"column":null}},"27":{"start":{"line":88,"column":18},"end":{"line":96,"column":4}},"28":{"start":{"line":98,"column":2},"end":{"line":125,"column":null}},"29":{"start":{"line":109,"column":27},"end":{"line":109,"column":null}},"30":{"start":{"line":112,"column":8},"end":{"line":121,"column":null}},"31":{"start":{"line":129,"column":0},"end":{"line":191,"column":null}},"32":{"start":{"line":130,"column":28},"end":{"line":130,"column":41}},"33":{"start":{"line":133,"column":15},"end":{"line":133,"column":40}},"34":{"start":{"line":136,"column":18},"end":{"line":139,"column":4}},"35":{"start":{"line":141,"column":2},"end":{"line":142,"column":null}},"36":{"start":{"line":142,"column":4},"end":{"line":142,"column":null}},"37":{"start":{"line":145,"column":2},"end":{"line":146,"column":null}},"38":{"start":{"line":146,"column":4},"end":{"line":146,"column":null}},"39":{"start":{"line":150,"column":15},"end":{"line":150,"column":33}},"40":{"start":{"line":151,"column":21},"end":{"line":151,"column":49}},"41":{"start":{"line":153,"column":2},"end":{"line":154,"column":null}},"42":{"start":{"line":154,"column":4},"end":{"line":154,"column":null}},"43":{"start":{"line":157,"column":37},"end":{"line":157,"column":null}},"44":{"start":{"line":160,"column":2},"end":{"line":189,"column":null}},"45":{"start":{"line":161,"column":19},"end":{"line":161,"column":87}},"46":{"start":{"line":163,"column":4},"end":{"line":173,"column":null}},"47":{"start":{"line":176,"column":4},"end":{"line":185,"column":null}},"48":{"start":{"line":177,"column":18},"end":{"line":177,"column":null}},"49":{"start":{"line":178,"column":31},"end":{"line":182,"column":null}},"50":{"start":{"line":184,"column":6},"end":{"line":185,"column":null}},"51":{"start":{"line":185,"column":8},"end":{"line":185,"column":null}},"52":{"start":{"line":189,"column":4},"end":{"line":189,"column":null}},"53":{"start":{"line":193,"column":0},"end":{"line":256,"column":null}},"54":{"start":{"line":194,"column":17},"end":{"line":194,"column":30}},"55":{"start":{"line":197,"column":15},"end":{"line":197,"column":40}},"56":{"start":{"line":200,"column":18},"end":{"line":208,"column":4}},"57":{"start":{"line":211,"column":2},"end":{"line":212,"column":null}},"58":{"start":{"line":212,"column":4},"end":{"line":212,"column":null}},"59":{"start":{"line":215,"column":2},"end":{"line":216,"column":null}},"60":{"start":{"line":216,"column":4},"end":{"line":216,"column":null}},"61":{"start":{"line":220,"column":24},"end":{"line":223,"column":null}},"62":{"start":{"line":221,"column":4},"end":{"line":222,"column":null}},"63":{"start":{"line":226,"column":2},"end":{"line":255,"column":null}},"64":{"start":{"line":237,"column":53},"end":{"line":253,"column":null}},"65":{"start":{"line":259,"column":0},"end":{"line":344,"column":null}},"66":{"start":{"line":260,"column":28},"end":{"line":260,"column":41}},"67":{"start":{"line":263,"column":15},"end":{"line":263,"column":40}},"68":{"start":{"line":266,"column":18},"end":{"line":269,"column":4}},"69":{"start":{"line":271,"column":2},"end":{"line":272,"column":null}},"70":{"start":{"line":272,"column":4},"end":{"line":272,"column":null}},"71":{"start":{"line":275,"column":2},"end":{"line":276,"column":null}},"72":{"start":{"line":276,"column":4},"end":{"line":276,"column":null}},"73":{"start":{"line":279,"column":2},"end":{"line":280,"column":null}},"74":{"start":{"line":280,"column":4},"end":{"line":280,"column":null}},"75":{"start":{"line":284,"column":15},"end":{"line":284,"column":51}},"76":{"start":{"line":284,"column":47},"end":{"line":284,"column":49}},"77":{"start":{"line":285,"column":21},"end":{"line":285,"column":56}},"78":{"start":{"line":287,"column":2},"end":{"line":288,"column":null}},"79":{"start":{"line":288,"column":4},"end":{"line":288,"column":null}},"80":{"start":{"line":292,"column":2},"end":{"line":342,"column":null}},"81":{"start":{"line":293,"column":29},"end":{"line":293,"column":74}},"82":{"start":{"line":296,"column":24},"end":{"line":301,"column":6}},"83":{"start":{"line":303,"column":4},"end":{"line":303,"column":null}},"84":{"start":{"line":303,"column":22},"end":{"line":303,"column":null}},"85":{"start":{"line":306,"column":20},"end":{"line":306,"column":null}},"86":{"start":{"line":307,"column":18},"end":{"line":312,"column":null}},"87":{"start":{"line":309,"column":42},"end":{"line":309,"column":63}},"88":{"start":{"line":310,"column":44},"end":{"line":310,"column":66}},"89":{"start":{"line":311,"column":45},"end":{"line":311,"column":121}},"90":{"start":{"line":314,"column":4},"end":{"line":335,"column":null}},"91":{"start":{"line":323,"column":42},"end":{"line":333,"column":null}},"92":{"start":{"line":339,"column":4},"end":{"line":340,"column":null}},"93":{"start":{"line":340,"column":6},"end":{"line":340,"column":null}},"94":{"start":{"line":342,"column":4},"end":{"line":342,"column":null}}},"fnMap":{"0":{"name":"(anonymous_0)","decl":{"start":{"line":18,"column":32},"end":{"line":18,"column":39}},"loc":{"start":{"line":18,"column":54},"end":{"line":43,"column":null}},"line":18},"1":{"name":"(anonymous_1)","decl":{"start":{"line":47,"column":19},"end":{"line":47,"column":26}},"loc":{"start":{"line":47,"column":32},"end":{"line":126,"column":null}},"line":47},"2":{"name":"(anonymous_2)","decl":{"start":{"line":107,"column":27},"end":{"line":107,"column":32}},"loc":{"start":{"line":107,"column":43},"end":{"line":121,"column":null}},"line":107},"3":{"name":"(anonymous_3)","decl":{"start":{"line":129,"column":30},"end":{"line":129,"column":37}},"loc":{"start":{"line":129,"column":43},"end":{"line":191,"column":null}},"line":129},"4":{"name":"(anonymous_4)","decl":{"start":{"line":193,"column":21},"end":{"line":193,"column":28}},"loc":{"start":{"line":193,"column":34},"end":{"line":256,"column":null}},"line":193},"5":{"name":"(anonymous_5)","decl":{"start":{"line":220,"column":40},"end":{"line":220,"column":48}},"loc":{"start":{"line":221,"column":4},"end":{"line":222,"column":null}},"line":221},"6":{"name":"(anonymous_6)","decl":{"start":{"line":237,"column":31},"end":{"line":237,"column":36}},"loc":{"start":{"line":237,"column":53},"end":{"line":253,"column":null}},"line":237},"7":{"name":"(anonymous_7)","decl":{"start":{"line":259,"column":29},"end":{"line":259,"column":36}},"loc":{"start":{"line":259,"column":42},"end":{"line":344,"column":null}},"line":259},"8":{"name":"(anonymous_8)","decl":{"start":{"line":284,"column":34},"end":{"line":284,"column":47}},"loc":{"start":{"line":284,"column":47},"end":{"line":284,"column":49}},"line":284},"9":{"name":"(anonymous_9)","decl":{"start":{"line":309,"column":23},"end":{"line":309,"column":31}},"loc":{"start":{"line":309,"column":42},"end":{"line":309,"column":63}},"line":309},"10":{"name":"(anonymous_10)","decl":{"start":{"line":310,"column":25},"end":{"line":310,"column":33}},"loc":{"start":{"line":310,"column":44},"end":{"line":310,"column":66}},"line":310},"11":{"name":"(anonymous_11)","decl":{"start":{"line":311,"column":26},"end":{"line":311,"column":34}},"loc":{"start":{"line":311,"column":45},"end":{"line":311,"column":121}},"line":311},"12":{"name":"(anonymous_12)","decl":{"start":{"line":323,"column":25},"end":{"line":323,"column":30}},"loc":{"start":{"line":323,"column":42},"end":{"line":333,"column":null}},"line":323}},"branchMap":{"0":{"loc":{"start":{"line":22,"column":2},"end":{"line":23,"column":null}},"type":"if","locations":[{"start":{"line":22,"column":2},"end":{"line":23,"column":null}},{"start":{},"end":{}}],"line":22},"1":{"loc":{"start":{"line":22,"column":6},"end":{"line":22,"column":54}},"type":"binary-expr","locations":[{"start":{"line":22,"column":6},"end":{"line":22,"column":21}},{"start":{"line":22,"column":21},"end":{"line":22,"column":54}}],"line":22},"2":{"loc":{"start":{"line":27,"column":17},"end":{"line":27,"column":null}},"type":"binary-expr","locations":[{"start":{"line":27,"column":17},"end":{"line":27,"column":43}},{"start":{"line":27,"column":43},"end":{"line":27,"column":null}}],"line":27},"3":{"loc":{"start":{"line":39,"column":2},"end":{"line":40,"column":null}},"type":"if","locations":[{"start":{"line":39,"column":2},"end":{"line":40,"column":null}},{"start":{},"end":{}}],"line":39},"4":{"loc":{"start":{"line":55,"column":2},"end":{"line":56,"column":null}},"type":"if","locations":[{"start":{"line":55,"column":2},"end":{"line":56,"column":null}},{"start":{},"end":{}}],"line":55},"5":{"loc":{"start":{"line":66,"column":2},"end":{"line":67,"column":null}},"type":"if","locations":[{"start":{"line":66,"column":2},"end":{"line":67,"column":null}},{"start":{},"end":{}}],"line":66},"6":{"loc":{"start":{"line":120,"column":20},"end":{"line":120,"column":null}},"type":"cond-expr","locations":[{"start":{"line":120,"column":56},"end":{"line":120,"column":77}},{"start":{"line":120,"column":77},"end":{"line":120,"column":null}}],"line":120},"7":{"loc":{"start":{"line":120,"column":20},"end":{"line":120,"column":56}},"type":"binary-expr","locations":[{"start":{"line":120,"column":20},"end":{"line":120,"column":34}},{"start":{"line":120,"column":34},"end":{"line":120,"column":56}}],"line":120},"8":{"loc":{"start":{"line":141,"column":2},"end":{"line":142,"column":null}},"type":"if","locations":[{"start":{"line":141,"column":2},"end":{"line":142,"column":null}},{"start":{},"end":{}}],"line":141},"9":{"loc":{"start":{"line":145,"column":2},"end":{"line":146,"column":null}},"type":"if","locations":[{"start":{"line":145,"column":2},"end":{"line":146,"column":null}},{"start":{},"end":{}}],"line":145},"10":{"loc":{"start":{"line":153,"column":2},"end":{"line":154,"column":null}},"type":"if","locations":[{"start":{"line":153,"column":2},"end":{"line":154,"column":null}},{"start":{},"end":{}}],"line":153},"11":{"loc":{"start":{"line":176,"column":4},"end":{"line":185,"column":null}},"type":"if","locations":[{"start":{"line":176,"column":4},"end":{"line":185,"column":null}},{"start":{},"end":{}}],"line":176},"12":{"loc":{"start":{"line":184,"column":6},"end":{"line":185,"column":null}},"type":"if","locations":[{"start":{"line":184,"column":6},"end":{"line":185,"column":null}},{"start":{},"end":{}}],"line":184},"13":{"loc":{"start":{"line":211,"column":2},"end":{"line":212,"column":null}},"type":"if","locations":[{"start":{"line":211,"column":2},"end":{"line":212,"column":null}},{"start":{},"end":{}}],"line":211},"14":{"loc":{"start":{"line":215,"column":2},"end":{"line":216,"column":null}},"type":"if","locations":[{"start":{"line":215,"column":2},"end":{"line":216,"column":null}},{"start":{},"end":{}}],"line":215},"15":{"loc":{"start":{"line":221,"column":4},"end":{"line":222,"column":null}},"type":"binary-expr","locations":[{"start":{"line":221,"column":4},"end":{"line":221,"column":null}},{"start":{"line":222,"column":5},"end":{"line":222,"column":null}}],"line":221},"16":{"loc":{"start":{"line":222,"column":5},"end":{"line":222,"column":null}},"type":"cond-expr","locations":[{"start":{"line":222,"column":35},"end":{"line":222,"column":61}},{"start":{"line":222,"column":61},"end":{"line":222,"column":null}}],"line":222},"17":{"loc":{"start":{"line":245,"column":14},"end":{"line":246,"column":null}},"type":"binary-expr","locations":[{"start":{"line":245,"column":14},"end":{"line":245,"column":48}},{"start":{"line":245,"column":48},"end":{"line":246,"column":null}}],"line":245},"18":{"loc":{"start":{"line":271,"column":2},"end":{"line":272,"column":null}},"type":"if","locations":[{"start":{"line":271,"column":2},"end":{"line":272,"column":null}},{"start":{},"end":{}}],"line":271},"19":{"loc":{"start":{"line":275,"column":2},"end":{"line":276,"column":null}},"type":"if","locations":[{"start":{"line":275,"column":2},"end":{"line":276,"column":null}},{"start":{},"end":{}}],"line":275},"20":{"loc":{"start":{"line":279,"column":2},"end":{"line":280,"column":null}},"type":"if","locations":[{"start":{"line":279,"column":2},"end":{"line":280,"column":null}},{"start":{},"end":{}}],"line":279},"21":{"loc":{"start":{"line":287,"column":2},"end":{"line":288,"column":null}},"type":"if","locations":[{"start":{"line":287,"column":2},"end":{"line":288,"column":null}},{"start":{},"end":{}}],"line":287},"22":{"loc":{"start":{"line":303,"column":4},"end":{"line":303,"column":null}},"type":"if","locations":[{"start":{"line":303,"column":4},"end":{"line":303,"column":null}},{"start":{},"end":{}}],"line":303},"23":{"loc":{"start":{"line":311,"column":45},"end":{"line":311,"column":121}},"type":"binary-expr","locations":[{"start":{"line":311,"column":45},"end":{"line":311,"column":63}},{"start":{"line":311,"column":63},"end":{"line":311,"column":90}},{"start":{"line":311,"column":94},"end":{"line":311,"column":121}}],"line":311},"24":{"loc":{"start":{"line":339,"column":4},"end":{"line":340,"column":null}},"type":"if","locations":[{"start":{"line":339,"column":4},"end":{"line":340,"column":null}},{"start":{},"end":{}}],"line":339}},"s":{"0":2,"1":2,"2":2,"3":2,"4":2,"5":2,"6":0,"7":0,"8":2,"9":0,"10":0,"11":0,"12":0,"13":2,"14":1,"15":0,"16":0,"17":0,"18":0,"19":0,"20":0,"21":0,"22":0,"23":0,"24":0,"25":0,"26":0,"27":0,"28":0,"29":0,"30":0,"31":2,"32":1,"33":1,"34":0,"35":0,"36":0,"37":0,"38":0,"39":0,"40":0,"41":0,"42":0,"43":0,"44":0,"45":0,"46":0,"47":0,"48":0,"49":0,"50":0,"51":0,"52":0,"53":2,"54":0,"55":0,"56":0,"57":0,"58":0,"59":0,"60":0,"61":0,"62":0,"63":0,"64":0,"65":2,"66":0,"67":0,"68":0,"69":0,"70":0,"71":0,"72":0,"73":0,"74":0,"75":0,"76":0,"77":0,"78":0,"79":0,"80":0,"81":0,"82":0,"83":0,"84":0,"85":0,"86":0,"87":0,"88":0,"89":0,"90":0,"91":0,"92":0,"93":0,"94":0},"f":{"0":2,"1":1,"2":0,"3":1,"4":0,"5":0,"6":0,"7":0,"8":0,"9":0,"10":0,"11":0,"12":0},"b":{"0":[2,0],"1":[2,0],"2":[0,0],"3":[0,0],"4":[0,0],"5":[0,0],"6":[0,0],"7":[0,0],"8":[0,0],"9":[0,0],"10":[0,0],"11":[0,0],"12":[0,0],"13":[0,0],"14":[0,0],"15":[0,0],"16":[0,0],"17":[0,0],"18":[0,0],"19":[0,0],"20":[0,0],"21":[0,0],"22":[0,0],"23":[0,0,0],"24":[0,0]},"meta":{"lastBranch":25,"lastFunction":13,"lastStatement":95,"seen":{"s:9:17:9:27":0,"s:12:28:15:2":1,"s:18:32:43:Infinity":2,"f:18:32:18:39":0,"s:19:21:19:50":3,"b:22:2:23:Infinity:undefined:undefined:undefined:undefined":0,"s:22:2:23:Infinity":4,"b:22:6:22:21:22:21:22:54":1,"s:23:4:23:Infinity":5,"s:26:16:26:Infinity":6,"s:27:17:27:Infinity":7,"b:27:17:27:43:27:43:27:Infinity":2,"s:32:18:32:54":8,"s:35:15:37:4":9,"b:39:2:40:Infinity:undefined:undefined:undefined:undefined":3,"s:39:2:40:Infinity":10,"s:40:4:40:Infinity":11,"s:43:2:43:Infinity":12,"s:47:0:126:Infinity":13,"f:47:19:47:26":1,"s:49:15:49:40":14,"s:51:15:51:33":15,"s:54:27:54:62":16,"b:55:2:56:Infinity:undefined:undefined:undefined:undefined":4,"s:55:2:56:Infinity":17,"s:56:4:56:Infinity":18,"s:59:40:59:Infinity":19,"s:62:26:64:4":20,"b:66:2:67:Infinity:undefined:undefined:undefined:undefined":5,"s:66:2:67:Infinity":21,"s:67:4:67:Infinity":22,"s:70:22:70:62":23,"s:75:20:82:4":24,"s:85:20:85:30":25,"s:86:2:86:Infinity":26,"s:88:18:96:4":27,"s:98:2:125:Infinity":28,"f:107:27:107:32":2,"s:109:27:109:Infinity":29,"s:112:8:121:Infinity":30,"b:120:56:120:77:120:77:120:Infinity":6,"b:120:20:120:34:120:34:120:56":7,"s:129:0:191:Infinity":31,"f:129:30:129:37":3,"s:130:28:130:41":32,"s:133:15:133:40":33,"s:136:18:139:4":34,"b:141:2:142:Infinity:undefined:undefined:undefined:undefined":8,"s:141:2:142:Infinity":35,"s:142:4:142:Infinity":36,"b:145:2:146:Infinity:undefined:undefined:undefined:undefined":9,"s:145:2:146:Infinity":37,"s:146:4:146:Infinity":38,"s:150:15:150:33":39,"s:151:21:151:49":40,"b:153:2:154:Infinity:undefined:undefined:undefined:undefined":10,"s:153:2:154:Infinity":41,"s:154:4:154:Infinity":42,"s:157:37:157:Infinity":43,"s:160:2:189:Infinity":44,"s:161:19:161:87":45,"s:163:4:173:Infinity":46,"b:176:4:185:Infinity:undefined:undefined:undefined:undefined":11,"s:176:4:185:Infinity":47,"s:177:18:177:Infinity":48,"s:178:31:182:Infinity":49,"b:184:6:185:Infinity:undefined:undefined:undefined:undefined":12,"s:184:6:185:Infinity":50,"s:185:8:185:Infinity":51,"s:189:4:189:Infinity":52,"s:193:0:256:Infinity":53,"f:193:21:193:28":4,"s:194:17:194:30":54,"s:197:15:197:40":55,"s:200:18:208:4":56,"b:211:2:212:Infinity:undefined:undefined:undefined:undefined":13,"s:211:2:212:Infinity":57,"s:212:4:212:Infinity":58,"b:215:2:216:Infinity:undefined:undefined:undefined:undefined":14,"s:215:2:216:Infinity":59,"s:216:4:216:Infinity":60,"s:220:24:223:Infinity":61,"f:220:40:220:48":5,"s:221:4:222:Infinity":62,"b:221:4:221:Infinity:222:5:222:Infinity":15,"b:222:35:222:61:222:61:222:Infinity":16,"s:226:2:255:Infinity":63,"f:237:31:237:36":6,"s:237:53:253:Infinity":64,"b:245:14:245:48:245:48:246:Infinity":17,"s:259:0:344:Infinity":65,"f:259:29:259:36":7,"s:260:28:260:41":66,"s:263:15:263:40":67,"s:266:18:269:4":68,"b:271:2:272:Infinity:undefined:undefined:undefined:undefined":18,"s:271:2:272:Infinity":69,"s:272:4:272:Infinity":70,"b:275:2:276:Infinity:undefined:undefined:undefined:undefined":19,"s:275:2:276:Infinity":71,"s:276:4:276:Infinity":72,"b:279:2:280:Infinity:undefined:undefined:undefined:undefined":20,"s:279:2:280:Infinity":73,"s:280:4:280:Infinity":74,"s:284:15:284:51":75,"f:284:34:284:47":8,"s:284:47:284:49":76,"s:285:21:285:56":77,"b:287:2:288:Infinity:undefined:undefined:undefined:undefined":21,"s:287:2:288:Infinity":78,"s:288:4:288:Infinity":79,"s:292:2:342:Infinity":80,"s:293:29:293:74":81,"s:296:24:301:6":82,"b:303:4:303:Infinity:undefined:undefined:undefined:undefined":22,"s:303:4:303:Infinity":83,"s:303:22:303:Infinity":84,"s:306:20:306:Infinity":85,"s:307:18:312:Infinity":86,"f:309:23:309:31":9,"s:309:42:309:63":87,"f:310:25:310:33":10,"s:310:44:310:66":88,"f:311:26:311:34":11,"s:311:45:311:121":89,"b:311:45:311:63:311:63:311:90:311:94:311:121":23,"s:314:4:335:Infinity":90,"f:323:25:323:30":12,"s:323:42:333:Infinity":91,"b:339:4:340:Infinity:undefined:undefined:undefined:undefined":24,"s:339:4:340:Infinity":92,"s:340:6:340:Infinity":93,"s:342:4:342:Infinity":94}}}
,"O:\\Github\\web-programming-course\\lessons\\lr5\\quiz-backend\\src\\services\\github.ts": {"path":"O:\\Github\\web-programming-course\\lessons\\lr5\\quiz-backend\\src\\services\\github.ts","statementMap":{"0":{"start":{"line":33,"column":4},"end":{"line":33,"column":null}},"1":{"start":{"line":31,"column":20},"end":{"line":31,"column":null}},"2":{"start":{"line":34,"column":4},"end":{"line":34,"column":null}},"3":{"start":{"line":39,"column":19},"end":{"line":39,"column":null}},"4":{"start":{"line":40,"column":23},"end":{"line":40,"column":null}},"5":{"start":{"line":42,"column":2},"end":{"line":43,"column":null}},"6":{"start":{"line":43,"column":4},"end":{"line":43,"column":null}},"7":{"start":{"line":46,"column":24},"end":{"line":59,"column":null}},"8":{"start":{"line":62,"column":21},"end":{"line":62,"column":47}},"9":{"start":{"line":64,"column":2},"end":{"line":65,"column":null}},"10":{"start":{"line":65,"column":4},"end":{"line":65,"column":null}},"11":{"start":{"line":68,"column":2},"end":{"line":68,"column":null}},"12":{"start":{"line":72,"column":23},"end":{"line":77,"column":4}},"13":{"start":{"line":79,"column":22},"end":{"line":79,"column":47}},"14":{"start":{"line":81,"column":2},"end":{"line":82,"column":null}},"15":{"start":{"line":82,"column":4},"end":{"line":82,"column":null}},"16":{"start":{"line":85,"column":2},"end":{"line":89,"column":null}},"17":{"start":{"line":93,"column":2},"end":{"line":98,"column":null}},"18":{"start":{"line":94,"column":4},"end":{"line":98,"column":null}},"19":{"start":{"line":101,"column":22},"end":{"line":101,"column":60}},"20":{"start":{"line":102,"column":2},"end":{"line":102,"column":null}}},"fnMap":{"0":{"name":"(anonymous_0)","decl":{"start":{"line":29,"column":2},"end":{"line":29,"column":null}},"loc":{"start":{"line":32,"column":4},"end":{"line":34,"column":null}},"line":32},"1":{"name":"exchangeCodeForAccessToken","decl":{"start":{"line":38,"column":15},"end":{"line":38,"column":42}},"loc":{"start":{"line":38,"column":73},"end":{"line":68,"column":null}},"line":38},"2":{"name":"getGitHubUser","decl":{"start":{"line":71,"column":15},"end":{"line":71,"column":29}},"loc":{"start":{"line":71,"column":71},"end":{"line":89,"column":null}},"line":71},"3":{"name":"getGitHubUserByCode","decl":{"start":{"line":92,"column":22},"end":{"line":92,"column":42}},"loc":{"start":{"line":92,"column":77},"end":{"line":102,"column":null}},"line":92}},"branchMap":{"0":{"loc":{"start":{"line":42,"column":2},"end":{"line":43,"column":null}},"type":"if","locations":[{"start":{"line":42,"column":2},"end":{"line":43,"column":null}},{"start":{},"end":{}}],"line":42},"1":{"loc":{"start":{"line":42,"column":6},"end":{"line":42,"column":34}},"type":"binary-expr","locations":[{"start":{"line":42,"column":6},"end":{"line":42,"column":19}},{"start":{"line":42,"column":19},"end":{"line":42,"column":34}}],"line":42},"2":{"loc":{"start":{"line":64,"column":2},"end":{"line":65,"column":null}},"type":"if","locations":[{"start":{"line":64,"column":2},"end":{"line":65,"column":null}},{"start":{},"end":{}}],"line":64},"3":{"loc":{"start":{"line":81,"column":2},"end":{"line":82,"column":null}},"type":"if","locations":[{"start":{"line":81,"column":2},"end":{"line":82,"column":null}},{"start":{},"end":{}}],"line":81},"4":{"loc":{"start":{"line":93,"column":2},"end":{"line":98,"column":null}},"type":"if","locations":[{"start":{"line":93,"column":2},"end":{"line":98,"column":null}},{"start":{},"end":{}}],"line":93}},"s":{"0":0,"1":0,"2":0,"3":0,"4":0,"5":0,"6":0,"7":0,"8":0,"9":0,"10":0,"11":0,"12":0,"13":0,"14":0,"15":0,"16":0,"17":0,"18":0,"19":0,"20":0},"f":{"0":0,"1":0,"2":0,"3":0},"b":{"0":[0,0],"1":[0,0],"2":[0,0],"3":[0,0],"4":[0,0]},"meta":{"lastBranch":5,"lastFunction":4,"lastStatement":21,"seen":{"f:29:2:29:Infinity":0,"s:33:4:33:Infinity":0,"s:31:20:31:Infinity":1,"s:34:4:34:Infinity":2,"f:38:15:38:42":1,"s:39:19:39:Infinity":3,"s:40:23:40:Infinity":4,"b:42:2:43:Infinity:undefined:undefined:undefined:undefined":0,"s:42:2:43:Infinity":5,"b:42:6:42:19:42:19:42:34":1,"s:43:4:43:Infinity":6,"s:46:24:59:Infinity":7,"s:62:21:62:47":8,"b:64:2:65:Infinity:undefined:undefined:undefined:undefined":2,"s:64:2:65:Infinity":9,"s:65:4:65:Infinity":10,"s:68:2:68:Infinity":11,"f:71:15:71:29":2,"s:72:23:77:4":12,"s:79:22:79:47":13,"b:81:2:82:Infinity:undefined:undefined:undefined:undefined":3,"s:81:2:82:Infinity":14,"s:82:4:82:Infinity":15,"s:85:2:89:Infinity":16,"f:92:22:92:42":3,"b:93:2:98:Infinity:undefined:undefined:undefined:undefined":4,"s:93:2:98:Infinity":17,"s:94:4:98:Infinity":18,"s:101:22:101:60":19,"s:102:2:102:Infinity":20}}}
,"O:\\Github\\web-programming-course\\lessons\\lr5\\quiz-backend\\src\\services\\scoringService.ts": {"path":"O:\\Github\\web-programming-course\\lessons\\lr5\\quiz-backend\\src\\services\\scoringService.ts","statementMap":{"0":{"start":{"line":5,"column":21},"end":{"line":5,"column":44}},"1":{"start":{"line":6,"column":14},"end":{"line":6,"column":null}},"2":{"start":{"line":8,"column":2},"end":{"line":12,"column":null}},"3":{"start":{"line":9,"column":4},"end":{"line":12,"column":null}},"4":{"start":{"line":10,"column":6},"end":{"line":10,"column":null}},"5":{"start":{"line":12,"column":6},"end":{"line":12,"column":null}},"6":{"start":{"line":16,"column":2},"end":{"line":16,"column":null}},"7":{"start":{"line":22,"column":4},"end":{"line":23,"column":null}},"8":{"start":{"line":23,"column":6},"end":{"line":23,"column":null}},"9":{"start":{"line":26,"column":16},"end":{"line":26,"column":null}},"10":{"start":{"line":28,"column":4},"end":{"line":29,"column":null}},"11":{"start":{"line":28,"column":17},"end":{"line":28,"column":20}},"12":{"start":{"line":29,"column":6},"end":{"line":29,"column":null}},"13":{"start":{"line":32,"column":4},"end":{"line":32,"column":null}},"14":{"start":{"line":36,"column":30},"end":{"line":36,"column":null}}},"fnMap":{"0":{"name":"(anonymous_0)","decl":{"start":{"line":4,"column":2},"end":{"line":4,"column":22}},"loc":{"start":{"line":4,"column":82},"end":{"line":16,"column":null}},"line":4},"1":{"name":"(anonymous_1)","decl":{"start":{"line":20,"column":2},"end":{"line":20,"column":13}},"loc":{"start":{"line":20,"column":57},"end":{"line":32,"column":null}},"line":20}},"branchMap":{"0":{"loc":{"start":{"line":9,"column":4},"end":{"line":12,"column":null}},"type":"if","locations":[{"start":{"line":9,"column":4},"end":{"line":12,"column":null}},{"start":{"line":11,"column":11},"end":{"line":12,"column":null}}],"line":9},"1":{"loc":{"start":{"line":22,"column":4},"end":{"line":23,"column":null}},"type":"if","locations":[{"start":{"line":22,"column":4},"end":{"line":23,"column":null}},{"start":{},"end":{}}],"line":22},"2":{"loc":{"start":{"line":22,"column":8},"end":{"line":22,"column":64}},"type":"binary-expr","locations":[{"start":{"line":22,"column":8},"end":{"line":22,"column":43}},{"start":{"line":22,"column":43},"end":{"line":22,"column":64}}],"line":22}},"s":{"0":5,"1":5,"2":5,"3":13,"4":6,"5":7,"6":5,"7":5,"8":1,"9":4,"10":4,"11":4,"12":12,"13":4,"14":3},"f":{"0":5,"1":5},"b":{"0":[6,7],"1":[1,4],"2":[5,4]},"meta":{"lastBranch":3,"lastFunction":2,"lastStatement":15,"seen":{"f:4:2:4:22":0,"s:5:21:5:44":0,"s:6:14:6:Infinity":1,"s:8:2:12:Infinity":2,"b:9:4:12:Infinity:11:11:12:Infinity":0,"s:9:4:12:Infinity":3,"s:10:6:10:Infinity":4,"s:12:6:12:Infinity":5,"s:16:2:16:Infinity":6,"f:20:2:20:13":1,"b:22:4:23:Infinity:undefined:undefined:undefined:undefined":1,"s:22:4:23:Infinity":7,"b:22:8:22:43:22:43:22:64":2,"s:23:6:23:Infinity":8,"s:26:16:26:Infinity":9,"s:28:4:29:Infinity":10,"s:28:17:28:20":11,"s:29:6:29:Infinity":12,"s:32:4:32:Infinity":13,"s:36:30:36:Infinity":14}}}
,"O:\\Github\\web-programming-course\\lessons\\lr5\\quiz-backend\\src\\services\\sessionService.ts": {"path":"O:\\Github\\web-programming-course\\lessons\\lr5\\quiz-backend\\src\\services\\sessionService.ts","statementMap":{"0":{"start":{"line":12,"column":21},"end":{"line":14,"column":6}},"1":{"start":{"line":16,"column":4},"end":{"line":16,"column":null}},"2":{"start":{"line":16,"column":19},"end":{"line":16,"column":null}},"3":{"start":{"line":18,"column":24},"end":{"line":18,"column":null}},"4":{"start":{"line":19,"column":29},"end":{"line":19,"column":null}},"5":{"start":{"line":20,"column":27},"end":{"line":20,"column":null}},"6":{"start":{"line":25,"column":4},"end":{"line":57,"column":null}},"7":{"start":{"line":27,"column":33},"end":{"line":27,"column":35}},"8":{"start":{"line":29,"column":6},"end":{"line":48,"column":null}},"9":{"start":{"line":31,"column":23},"end":{"line":33,"column":null}},"10":{"start":{"line":36,"column":8},"end":{"line":45,"column":null}},"11":{"start":{"line":38,"column":10},"end":{"line":40,"column":null}},"12":{"start":{"line":40,"column":12},"end":{"line":40,"column":null}},"13":{"start":{"line":44,"column":17},"end":{"line":45,"column":null}},"14":{"start":{"line":45,"column":10},"end":{"line":45,"column":null}},"15":{"start":{"line":48,"column":8},"end":{"line":48,"column":null}},"16":{"start":{"line":51,"column":22},"end":{"line":51,"column":75}},"17":{"start":{"line":54,"column":6},"end":{"line":54,"column":null}},"18":{"start":{"line":56,"column":6},"end":{"line":56,"column":null}},"19":{"start":{"line":57,"column":6},"end":{"line":57,"column":null}},"20":{"start":{"line":60,"column":4},"end":{"line":69,"column":null}},"21":{"start":{"line":73,"column":4},"end":{"line":92,"column":null}},"22":{"start":{"line":74,"column":22},"end":{"line":77,"column":8}},"23":{"start":{"line":79,"column":6},"end":{"line":79,"column":null}},"24":{"start":{"line":79,"column":20},"end":{"line":79,"column":null}},"25":{"start":{"line":80,"column":6},"end":{"line":80,"column":null}},"26":{"start":{"line":80,"column":42},"end":{"line":80,"column":null}},"27":{"start":{"line":82,"column":25},"end":{"line":86,"column":50}},"28":{"start":{"line":84,"column":50},"end":{"line":84,"column":67}},"29":{"start":{"line":86,"column":26},"end":{"line":86,"column":48}},"30":{"start":{"line":88,"column":6},"end":{"line":91,"column":null}},"31":{"start":{"line":96,"column":30},"end":{"line":96,"column":50}}},"fnMap":{"0":{"name":"(anonymous_0)","decl":{"start":{"line":7,"column":8},"end":{"line":7,"column":null}},"loc":{"start":{"line":11,"column":4},"end":{"line":69,"column":null}},"line":11},"1":{"name":"(anonymous_1)","decl":{"start":{"line":72,"column":8},"end":{"line":72,"column":22}},"loc":{"start":{"line":72,"column":41},"end":{"line":92,"column":null}},"line":72},"2":{"name":"(anonymous_2)","decl":{"start":{"line":73,"column":37},"end":{"line":73,"column":44}},"loc":{"start":{"line":73,"column":77},"end":{"line":92,"column":null}},"line":73},"3":{"name":"(anonymous_3)","decl":{"start":{"line":84,"column":7},"end":{"line":84,"column":15}},"loc":{"start":{"line":84,"column":50},"end":{"line":84,"column":67}},"line":84},"4":{"name":"(anonymous_4)","decl":{"start":{"line":86,"column":7},"end":{"line":86,"column":15}},"loc":{"start":{"line":86,"column":26},"end":{"line":86,"column":48}},"line":86}},"branchMap":{"0":{"loc":{"start":{"line":16,"column":4},"end":{"line":16,"column":null}},"type":"if","locations":[{"start":{"line":16,"column":4},"end":{"line":16,"column":null}},{"start":{},"end":{}}],"line":16},"1":{"loc":{"start":{"line":25,"column":4},"end":{"line":57,"column":null}},"type":"if","locations":[{"start":{"line":25,"column":4},"end":{"line":57,"column":null}},{"start":{},"end":{}}],"line":25},"2":{"loc":{"start":{"line":31,"column":23},"end":{"line":33,"column":null}},"type":"cond-expr","locations":[{"start":{"line":32,"column":12},"end":{"line":32,"column":46}},{"start":{"line":33,"column":12},"end":{"line":33,"column":null}}],"line":31},"3":{"loc":{"start":{"line":36,"column":8},"end":{"line":45,"column":null}},"type":"if","locations":[{"start":{"line":36,"column":8},"end":{"line":45,"column":null}},{"start":{"line":44,"column":17},"end":{"line":45,"column":null}}],"line":36},"4":{"loc":{"start":{"line":36,"column":12},"end":{"line":36,"column":74}},"type":"binary-expr","locations":[{"start":{"line":36,"column":12},"end":{"line":36,"column":22}},{"start":{"line":36,"column":22},"end":{"line":36,"column":52}},{"start":{"line":36,"column":52},"end":{"line":36,"column":74}}],"line":36},"5":{"loc":{"start":{"line":38,"column":10},"end":{"line":40,"column":null}},"type":"if","locations":[{"start":{"line":38,"column":10},"end":{"line":40,"column":null}},{"start":{},"end":{}}],"line":38},"6":{"loc":{"start":{"line":40,"column":25},"end":{"line":40,"column":98}},"type":"cond-expr","locations":[{"start":{"line":40,"column":57},"end":{"line":40,"column":74}},{"start":{"line":40,"column":74},"end":{"line":40,"column":98}}],"line":40},"7":{"loc":{"start":{"line":44,"column":17},"end":{"line":45,"column":null}},"type":"if","locations":[{"start":{"line":44,"column":17},"end":{"line":45,"column":null}},{"start":{},"end":{}}],"line":44},"8":{"loc":{"start":{"line":51,"column":22},"end":{"line":51,"column":75}},"type":"cond-expr","locations":[{"start":{"line":51,"column":50},"end":{"line":51,"column":63}},{"start":{"line":51,"column":63},"end":{"line":51,"column":75}}],"line":51},"9":{"loc":{"start":{"line":57,"column":17},"end":{"line":57,"column":null}},"type":"cond-expr","locations":[{"start":{"line":57,"column":29},"end":{"line":57,"column":64}},{"start":{"line":57,"column":64},"end":{"line":57,"column":null}}],"line":57},"10":{"loc":{"start":{"line":79,"column":6},"end":{"line":79,"column":null}},"type":"if","locations":[{"start":{"line":79,"column":6},"end":{"line":79,"column":null}},{"start":{},"end":{}}],"line":79},"11":{"loc":{"start":{"line":80,"column":6},"end":{"line":80,"column":null}},"type":"if","locations":[{"start":{"line":80,"column":6},"end":{"line":80,"column":null}},{"start":{},"end":{}}],"line":80},"12":{"loc":{"start":{"line":86,"column":33},"end":{"line":86,"column":48}},"type":"binary-expr","locations":[{"start":{"line":86,"column":33},"end":{"line":86,"column":44}},{"start":{"line":86,"column":44},"end":{"line":86,"column":48}}],"line":86}},"s":{"0":0,"1":0,"2":0,"3":0,"4":0,"5":0,"6":0,"7":0,"8":0,"9":0,"10":0,"11":0,"12":0,"13":0,"14":0,"15":0,"16":0,"17":0,"18":0,"19":0,"20":0,"21":0,"22":0,"23":0,"24":0,"25":0,"26":0,"27":0,"28":0,"29":0,"30":0,"31":2},"f":{"0":0,"1":0,"2":0,"3":0,"4":0},"b":{"0":[0,0],"1":[0,0],"2":[0,0],"3":[0,0],"4":[0,0,0],"5":[0,0],"6":[0,0],"7":[0,0],"8":[0,0],"9":[0,0],"10":[0,0],"11":[0,0],"12":[0,0]},"meta":{"lastBranch":13,"lastFunction":5,"lastStatement":32,"seen":{"f:7:8:7:Infinity":0,"s:12:21:14:6":0,"b:16:4:16:Infinity:undefined:undefined:undefined:undefined":0,"s:16:4:16:Infinity":1,"s:16:19:16:Infinity":2,"s:18:24:18:Infinity":3,"s:19:29:19:Infinity":4,"s:20:27:20:Infinity":5,"b:25:4:57:Infinity:undefined:undefined:undefined:undefined":1,"s:25:4:57:Infinity":6,"s:27:33:27:35":7,"s:29:6:48:Infinity":8,"s:31:23:33:Infinity":9,"b:32:12:32:46:33:12:33:Infinity":2,"b:36:8:45:Infinity:44:17:45:Infinity":3,"s:36:8:45:Infinity":10,"b:36:12:36:22:36:22:36:52:36:52:36:74":4,"b:38:10:40:Infinity:undefined:undefined:undefined:undefined":5,"s:38:10:40:Infinity":11,"s:40:12:40:Infinity":12,"b:40:57:40:74:40:74:40:98":6,"b:44:17:45:Infinity:undefined:undefined:undefined:undefined":7,"s:44:17:45:Infinity":13,"s:45:10:45:Infinity":14,"s:48:8:48:Infinity":15,"s:51:22:51:75":16,"b:51:50:51:63:51:63:51:75":8,"s:54:6:54:Infinity":17,"s:56:6:56:Infinity":18,"s:57:6:57:Infinity":19,"b:57:29:57:64:57:64:57:Infinity":9,"s:60:4:69:Infinity":20,"f:72:8:72:22":1,"s:73:4:92:Infinity":21,"f:73:37:73:44":2,"s:74:22:77:8":22,"b:79:6:79:Infinity:undefined:undefined:undefined:undefined":10,"s:79:6:79:Infinity":23,"s:79:20:79:Infinity":24,"b:80:6:80:Infinity:undefined:undefined:undefined:undefined":11,"s:80:6:80:Infinity":25,"s:80:42:80:Infinity":26,"s:82:25:86:50":27,"f:84:7:84:15":3,"s:84:50:84:67":28,"f:86:7:86:15":4,"s:86:26:86:48":29,"b:86:33:86:44:86:44:86:48":12,"s:88:6:91:Infinity":30,"s:96:30:96:50":31}}}
,"O:\\Github\\web-programming-course\\lessons\\lr5\\quiz-backend\\src\\utils\\validation.ts": {"path":"O:\\Github\\web-programming-course\\lessons\\lr5\\quiz-backend\\src\\utils\\validation.ts","statementMap":{"0":{"start":{"line":4,"column":34},"end":{"line":6,"column":2}},"1":{"start":{"line":9,"column":28},"end":{"line":16,"column":2}},"2":{"start":{"line":19,"column":34},"end":{"line":24,"column":2}},"3":{"start":{"line":27,"column":27},"end":{"line":31,"column":2}},"4":{"start":{"line":34,"column":30},"end":{"line":57,"column":2}},"5":{"start":{"line":45,"column":2},"end":{"line":51,"column":null}},"6":{"start":{"line":47,"column":23},"end":{"line":47,"column":null}},"7":{"start":{"line":49,"column":23},"end":{"line":49,"column":null}},"8":{"start":{"line":51,"column":4},"end":{"line":51,"column":null}},"9":{"start":{"line":53,"column":2},"end":{"line":53,"column":null}},"10":{"start":{"line":60,"column":35},"end":{"line":60,"column":58}}},"fnMap":{"0":{"name":"(anonymous_0)","decl":{"start":{"line":43,"column":3},"end":{"line":43,"column":11}},"loc":{"start":{"line":43,"column":20},"end":{"line":54,"column":null}},"line":43}},"branchMap":{"0":{"loc":{"start":{"line":45,"column":2},"end":{"line":51,"column":null}},"type":"if","locations":[{"start":{"line":45,"column":2},"end":{"line":51,"column":null}},{"start":{},"end":{}}],"line":45},"1":{"loc":{"start":{"line":45,"column":6},"end":{"line":45,"column":63}},"type":"binary-expr","locations":[{"start":{"line":45,"column":6},"end":{"line":45,"column":41}},{"start":{"line":45,"column":41},"end":{"line":45,"column":63}}],"line":45},"2":{"loc":{"start":{"line":47,"column":23},"end":{"line":47,"column":null}},"type":"binary-expr","locations":[{"start":{"line":47,"column":23},"end":{"line":47,"column":50}},{"start":{"line":47,"column":54},"end":{"line":47,"column":null}}],"line":47},"3":{"loc":{"start":{"line":49,"column":23},"end":{"line":49,"column":null}},"type":"binary-expr","locations":[{"start":{"line":49,"column":23},"end":{"line":49,"column":59}},{"start":{"line":49,"column":59},"end":{"line":49,"column":null}}],"line":49},"4":{"loc":{"start":{"line":51,"column":11},"end":{"line":51,"column":null}},"type":"binary-expr","locations":[{"start":{"line":51,"column":11},"end":{"line":51,"column":25}},{"start":{"line":51,"column":25},"end":{"line":51,"column":null}}],"line":51}},"s":{"0":3,"1":3,"2":3,"3":3,"4":3,"5":5,"6":3,"7":3,"8":3,"9":2,"10":3},"f":{"0":5},"b":{"0":[3,2],"1":[5,2],"2":[3,1],"3":[3,2],"4":[3,1]},"meta":{"lastBranch":5,"lastFunction":1,"lastStatement":11,"seen":{"s:4:34:6:2":0,"s:9:28:16:2":1,"s:19:34:24:2":2,"s:27:27:31:2":3,"s:34:30:57:2":4,"f:43:3:43:11":0,"b:45:2:51:Infinity:undefined:undefined:undefined:undefined":0,"s:45:2:51:Infinity":5,"b:45:6:45:41:45:41:45:63":1,"s:47:23:47:Infinity":6,"b:47:23:47:50:47:54:47:Infinity":2,"s:49:23:49:Infinity":7,"b:49:23:49:59:49:59:49:Infinity":3,"s:51:4:51:Infinity":8,"b:51:11:51:25:51:25:51:Infinity":4,"s:53:2:53:Infinity":9,"s:60:35:60:58":10}}}
}
